{
  "RSpec": {
    "coverage": {
      "/Users/danielwork/Documents/GitHub/makers/week3/battle/spec/features/features_spec.rb": [
        1,
        null,
        1,
        1,
        1,
        1,
        null,
        null,
        null,
        1,
        1,
        1,
        1,
        1,
        1,
        null,
        null,
        null,
        1,
        1,
        1,
        1,
        1,
        1,
        null,
        null
      ],
      "/Users/danielwork/Documents/GitHub/makers/week3/battle/spec/features/web_helper.rb": [
        1,
        1,
        null,
        null,
        1,
        2,
        null,
        null,
        1,
        1,
        null,
        null,
        1,
        2,
        2,
        null,
        null,
        1,
        2,
        null,
        null,
        1,
        1,
        null,
        null,
        1,
        2,
        2,
        2,
        null
      ]
    },
    "timestamp": 1523015501
  }
}
